<?xml version="1.0" encoding="UTF-8"?>
<!-- Generated by org.testng.reporters.JUnitXMLReporter -->
<testsuite ignored="0" hostname="de-public-qa-01" failures="0" tests="1" name="Command line test" time="5.009"
           errors="0" timestamp="28 Sep 2021 09:14:56 GMT">
    <testcase classname="com.competi.scan.test.tests.BaseTest" name="@BeforeClass LaunchApplication" time="0.0">
        <failure type="org.testng.TestNGException" message="
Parameter &amp;apos;incognito&amp;apos; is required by BeforeClass on method LaunchApplication but has not been marked @Optional or defined
">
            <![CDATA[org.testng.TestNGException:
Parameter 'incognito' is required by BeforeClass on method LaunchApplication but has not been marked @Optional or defined

at com.competi.scan.test.tests.BaseTest.runSmoke(BaseTest.java:66)
at com.competi.scan.test.tests.BaseTest.runSmoke(BaseTest.java:66)
at com.competi.scan.test.tests.BaseTest.runSmoke(BaseTest.java:66)
at com.competi.scan.test.tests.BaseTest.runSmoke(BaseTest.java:66)
at com.competi.scan.test.tests.BaseTest.runSmoke(BaseTest.java:66)
at com.competi.scan.test.tests.BaseTest.runSmoke(BaseTest.java:66)
at com.competi.scan.test.tests.BaseTest.runSmoke(BaseTest.java:66)
at com.competi.scan.test.tests.BaseTest.runSmoke(BaseTest.java:66)
at com.competi.scan.test.tests.BaseTest.runSmoke(BaseTest.java:66)
at com.competi.scan.test.tests.BaseTest.runSmoke(BaseTest.java:66)
at com.competi.scan.test.tests.BaseTest.runSmoke(BaseTest.java:66)
at com.competi.scan.test.tests.BaseTest.runSmoke(BaseTest.java:66)
at com.competi.scan.test.tests.BaseTest.runSmoke(BaseTest.java:66)
at com.competi.scan.test.tests.BaseTest.runSmoke(BaseTest.java:66)
at com.competi.scan.test.tests.BaseTest.runSmoke(BaseTest.java:66)
at com.competi.scan.test.tests.BaseTest.runSmoke(BaseTest.java:66)
at com.competi.scan.test.tests.BaseTest.runSmoke(BaseTest.java:66)
at com.competi.scan.test.tests.BaseTest.runSmoke(BaseTest.java:66)
at com.competi.scan.test.tests.BaseTest.runSmoke(BaseTest.java:66)
at com.competi.scan.test.tests.BaseTest.runSmoke(BaseTest.java:66)
at com.competi.scan.test.tests.BaseTest.runSmoke(BaseTest.java:66)
at com.competi.scan.test.tests.BaseTest.runSmoke(BaseTest.java:66)
at com.competi.scan.test.tests.BaseTest.runSmoke(BaseTest.java:66)
at com.competi.scan.test.tests.BaseTest.runSmoke(BaseTest.java:66)
at com.competi.scan.test.tests.BaseTest.runSmoke(BaseTest.java:66)
at com.competi.scan.test.tests.BaseTest.runSmoke(BaseTest.java:66)
at com.competi.scan.test.tests.BaseTest.runSmoke(BaseTest.java:66)
at com.competi.scan.test.tests.BaseTest.runSmoke(BaseTest.java:66)
at com.competi.scan.test.tests.BaseTest.runSmoke(BaseTest.java:66)
at com.competi.scan.test.tests.BaseTest.runSmoke(BaseTest.java:66)
at com.competi.scan.test.tests.BaseTest.runSmoke(BaseTest.java:66)
at com.competi.scan.test.tests.BaseTest.runSmoke(BaseTest.java:66)
at com.competi.scan.test.tests.BaseTest.runSmoke(BaseTest.java:66)
at com.competi.scan.test.tests.BaseTest.runSmoke(BaseTest.java:66)
at com.competi.scan.test.tests.BaseTest.runSmoke(BaseTest.java:66)
at com.competi.scan.test.tests.BaseTest.runSmoke(BaseTest.java:66)
at com.competi.scan.test.tests.BaseTest.runSmoke(BaseTest.java:66)
at com.competi.scan.test.tests.BaseTest.runSmoke(BaseTest.java:66)
at com.competi.scan.test.tests.BaseTest.runSmoke(BaseTest.java:66)
at com.competi.scan.test.tests.BaseTest.runSmoke(BaseTest.java:66)
at com.competi.scan.test.tests.BaseTest.runSmoke(BaseTest.java:66)
at com.competi.scan.test.tests.BaseTest.runSmoke(BaseTest.java:66)
at com.competi.scan.test.tests.BaseTest.runSmoke(BaseTest.java:66)
at com.competi.scan.test.tests.BaseTest.runSmoke(BaseTest.java:66)
at com.competi.scan.test.tests.BaseTest.runSmoke(BaseTest.java:66)
at com.competi.scan.test.tests.BaseTest.runSmoke(BaseTest.java:66)
at com.competi.scan.test.tests.BaseTest.runSmoke(BaseTest.java:66)
at com.competi.scan.test.tests.BaseTest.runSmoke(BaseTest.java:66)
at com.competi.scan.test.tests.BaseTest.runSmoke(BaseTest.java:66)
at com.competi.scan.test.tests.BaseTest.runSmoke(BaseTest.java:66)
at com.competi.scan.test.tests.BaseTest.runSmoke(BaseTest.java:66)
at com.competi.scan.test.tests.BaseTest.runSmoke(BaseTest.java:66)
at com.competi.scan.test.tests.BaseTest.runSmoke(BaseTest.java:66)
at com.competi.scan.test.tests.BaseTest.runSmoke(BaseTest.java:66)
at com.competi.scan.test.tests.BaseTest.runSmoke(BaseTest.java:66)
at com.competi.scan.test.tests.BaseTest.runSmoke(BaseTest.java:66)
at com.competi.scan.test.tests.BaseTest.runSmoke(BaseTest.java:66)
at com.competi.scan.test.tests.BaseTest.runSmoke(BaseTest.java:66)
at com.competi.scan.test.tests.BaseTest.runSmoke(BaseTest.java:66)
at com.competi.scan.test.tests.BaseTest.runSmoke(BaseTest.java:66)
... Removed 964 stack frames]]>
        </failure>
    </testcase> <!-- @BeforeClass LaunchApplication -->
    <testcase classname="com.competi.scan.test.tests.BaseTest" name="@AfterClass teardown" time="5.009">
        <failure type="java.lang.NullPointerException"
                 message="Cannot invoke &amp;quot;org.openqa.selenium.WebDriver.close()&amp;quot; because the return value of &amp;quot;java.lang.ThreadLocal.get()&amp;quot; is null">
            <![CDATA[java.lang.NullPointerException: Cannot invoke "org.openqa.selenium.WebDriver.close()" because the return value of "java.lang.ThreadLocal.get()" is null
at com.competi.scan.test.utils.DriverFactoryThreadLocal.closeBrowser(DriverFactoryThreadLocal.java:45)
at com.competi.scan.test.tests.BaseTest.teardown(BaseTest.java:91)
at com.competi.scan.test.tests.BaseTest.runSmoke(BaseTest.java:66)
at com.competi.scan.test.tests.BaseTest.runSmoke(BaseTest.java:66)
at com.competi.scan.test.tests.BaseTest.runSmoke(BaseTest.java:66)
at com.competi.scan.test.tests.BaseTest.runSmoke(BaseTest.java:66)
at com.competi.scan.test.tests.BaseTest.runSmoke(BaseTest.java:66)
at com.competi.scan.test.tests.BaseTest.runSmoke(BaseTest.java:66)
at com.competi.scan.test.tests.BaseTest.runSmoke(BaseTest.java:66)
at com.competi.scan.test.tests.BaseTest.runSmoke(BaseTest.java:66)
at com.competi.scan.test.tests.BaseTest.runSmoke(BaseTest.java:66)
at com.competi.scan.test.tests.BaseTest.runSmoke(BaseTest.java:66)
at com.competi.scan.test.tests.BaseTest.runSmoke(BaseTest.java:66)
at com.competi.scan.test.tests.BaseTest.runSmoke(BaseTest.java:66)
at com.competi.scan.test.tests.BaseTest.runSmoke(BaseTest.java:66)
at com.competi.scan.test.tests.BaseTest.runSmoke(BaseTest.java:66)
at com.competi.scan.test.tests.BaseTest.runSmoke(BaseTest.java:66)
at com.competi.scan.test.tests.BaseTest.runSmoke(BaseTest.java:66)
at com.competi.scan.test.tests.BaseTest.runSmoke(BaseTest.java:66)
at com.competi.scan.test.tests.BaseTest.runSmoke(BaseTest.java:66)
at com.competi.scan.test.tests.BaseTest.runSmoke(BaseTest.java:66)
at com.competi.scan.test.tests.BaseTest.runSmoke(BaseTest.java:66)
at com.competi.scan.test.tests.BaseTest.runSmoke(BaseTest.java:66)
at com.competi.scan.test.tests.BaseTest.runSmoke(BaseTest.java:66)
at com.competi.scan.test.tests.BaseTest.runSmoke(BaseTest.java:66)
at com.competi.scan.test.tests.BaseTest.runSmoke(BaseTest.java:66)
at com.competi.scan.test.tests.BaseTest.runSmoke(BaseTest.java:66)
at com.competi.scan.test.tests.BaseTest.runSmoke(BaseTest.java:66)
at com.competi.scan.test.tests.BaseTest.runSmoke(BaseTest.java:66)
at com.competi.scan.test.tests.BaseTest.runSmoke(BaseTest.java:66)
at com.competi.scan.test.tests.BaseTest.runSmoke(BaseTest.java:66)
at com.competi.scan.test.tests.BaseTest.runSmoke(BaseTest.java:66)
at com.competi.scan.test.tests.BaseTest.runSmoke(BaseTest.java:66)
at com.competi.scan.test.tests.BaseTest.runSmoke(BaseTest.java:66)
at com.competi.scan.test.tests.BaseTest.runSmoke(BaseTest.java:66)
at com.competi.scan.test.tests.BaseTest.runSmoke(BaseTest.java:66)
at com.competi.scan.test.tests.BaseTest.runSmoke(BaseTest.java:66)
at com.competi.scan.test.tests.BaseTest.runSmoke(BaseTest.java:66)
at com.competi.scan.test.tests.BaseTest.runSmoke(BaseTest.java:66)
at com.competi.scan.test.tests.BaseTest.runSmoke(BaseTest.java:66)
at com.competi.scan.test.tests.BaseTest.runSmoke(BaseTest.java:66)
at com.competi.scan.test.tests.BaseTest.runSmoke(BaseTest.java:66)
at com.competi.scan.test.tests.BaseTest.runSmoke(BaseTest.java:66)
at com.competi.scan.test.tests.BaseTest.runSmoke(BaseTest.java:66)
at com.competi.scan.test.tests.BaseTest.runSmoke(BaseTest.java:66)
at com.competi.scan.test.tests.BaseTest.runSmoke(BaseTest.java:66)
at com.competi.scan.test.tests.BaseTest.runSmoke(BaseTest.java:66)
at com.competi.scan.test.tests.BaseTest.runSmoke(BaseTest.java:66)
at com.competi.scan.test.tests.BaseTest.runSmoke(BaseTest.java:66)
at com.competi.scan.test.tests.BaseTest.runSmoke(BaseTest.java:66)
at com.competi.scan.test.tests.BaseTest.runSmoke(BaseTest.java:66)
at com.competi.scan.test.tests.BaseTest.runSmoke(BaseTest.java:66)
at com.competi.scan.test.tests.BaseTest.runSmoke(BaseTest.java:66)
at com.competi.scan.test.tests.BaseTest.runSmoke(BaseTest.java:66)
at com.competi.scan.test.tests.BaseTest.runSmoke(BaseTest.java:66)
at com.competi.scan.test.tests.BaseTest.runSmoke(BaseTest.java:66)
at com.competi.scan.test.tests.BaseTest.runSmoke(BaseTest.java:66)
at com.competi.scan.test.tests.BaseTest.runSmoke(BaseTest.java:66)
at com.competi.scan.test.tests.BaseTest.runSmoke(BaseTest.java:66)
at com.competi.scan.test.tests.BaseTest.runSmoke(BaseTest.java:66)
at com.competi.scan.test.tests.BaseTest.runSmoke(BaseTest.java:66)
... Removed 963 stack frames]]>
        </failure>
    </testcase> <!-- @AfterClass teardown -->
    <testcase classname="com.competi.scan.test.tests.smoke_tests.AdminSmoke001" name="adminSmoke001" time="0.0">
        <skipped/>
    </testcase> <!-- adminSmoke001 -->
</testsuite> <!-- Command line test -->
